<?xml version="1.0" encoding="UTF-8"?>
<testng-results skipped="0" failed="0" ignored="0" total="1" passed="1">
  <reporter-output>
  </reporter-output>
  <suite name="Default suite" duration-ms="36573" started-at="2021-01-18T16:00:22 IST" finished-at="2021-01-18T16:00:59 IST">
    <groups>
    </groups>
    <test name="Default test" duration-ms="36573" started-at="2021-01-18T16:00:22 IST" finished-at="2021-01-18T16:00:59 IST">
      <class name="assignment.Taskone">
        <test-method status="PASS" signature="initializedriver()[pri:0, instance:assignment.Taskone@1176dcec]" name="initializedriver" is-config="true" duration-ms="12836" started-at="2021-01-18T16:00:22 IST" finished-at="2021-01-18T16:00:35 IST">
          <reporter-output>
          </reporter-output>
        </test-method> <!-- initializedriver -->
        <test-method status="PASS" signature="main()[pri:0, instance:assignment.Taskone@1176dcec]" name="main" duration-ms="20168" started-at="2021-01-18T16:00:35 IST" finished-at="2021-01-18T16:00:55 IST">
          <reporter-output>
          </reporter-output>
        </test-method> <!-- main -->
        <test-method status="PASS" signature="tearndown()[pri:0, instance:assignment.Taskone@1176dcec]" name="tearndown" is-config="true" duration-ms="3505" started-at="2021-01-18T16:00:55 IST" finished-at="2021-01-18T16:00:59 IST">
          <reporter-output>
          </reporter-output>
        </test-method> <!-- tearndown -->
      </class> <!-- assignment.Taskone -->
    </test> <!-- Default test -->
  </suite> <!-- Default suite -->
</testng-results>
